*** Reading local file: /opt/airflow/logs/func/upload_csv/2022-02-25T20:59:49.556540+00:00/1.log
[2022-02-25, 20:59:55 UTC] {taskinstance.py:1032} INFO - Dependencies all met for <TaskInstance: func.upload_csv manual__2022-02-25T20:59:49.556540+00:00 [queued]>
[2022-02-25, 20:59:55 UTC] {taskinstance.py:1032} INFO - Dependencies all met for <TaskInstance: func.upload_csv manual__2022-02-25T20:59:49.556540+00:00 [queued]>
[2022-02-25, 20:59:55 UTC] {taskinstance.py:1238} INFO - 
--------------------------------------------------------------------------------
[2022-02-25, 20:59:55 UTC] {taskinstance.py:1239} INFO - Starting attempt 1 of 3
[2022-02-25, 20:59:55 UTC] {taskinstance.py:1240} INFO - 
--------------------------------------------------------------------------------
[2022-02-25, 20:59:55 UTC] {taskinstance.py:1259} INFO - Executing <Task(PythonOperator): upload_csv> on 2022-02-25 20:59:49.556540+00:00
[2022-02-25, 20:59:55 UTC] {standard_task_runner.py:52} INFO - Started process 7167 to run task
[2022-02-25, 20:59:55 UTC] {standard_task_runner.py:76} INFO - Running: ['***', 'tasks', 'run', 'func', 'upload_csv', 'manual__2022-02-25T20:59:49.556540+00:00', '--job-id', '101', '--raw', '--subdir', 'DAGS_FOLDER/test_task_dag.py', '--cfg-path', '/tmp/tmp2j94vgk0', '--error-file', '/tmp/tmpl84hz1r6']
[2022-02-25, 20:59:55 UTC] {standard_task_runner.py:77} INFO - Job 101: Subtask upload_csv
[2022-02-25, 20:59:56 UTC] {logging_mixin.py:109} INFO - Running <TaskInstance: func.upload_csv manual__2022-02-25T20:59:49.556540+00:00 [running]> on host a8a367e07e36
[2022-02-25, 20:59:56 UTC] {taskinstance.py:1426} INFO - Exporting the following env vars:
AIRFLOW_CTX_DAG_OWNER=***
AIRFLOW_CTX_DAG_ID=func
AIRFLOW_CTX_TASK_ID=upload_csv
AIRFLOW_CTX_EXECUTION_DATE=2022-02-25T20:59:49.556540+00:00
AIRFLOW_CTX_DAG_RUN_ID=manual__2022-02-25T20:59:49.556540+00:00
[2022-02-25, 20:59:56 UTC] {python.py:175} INFO - Done. Returned value was: None
[2022-02-25, 20:59:56 UTC] {taskinstance.py:1277} INFO - Marking task as SUCCESS. dag_id=func, task_id=upload_csv, execution_date=20220225T205949, start_date=20220225T205955, end_date=20220225T205956
[2022-02-25, 20:59:56 UTC] {local_task_job.py:154} INFO - Task exited with return code 0
[2022-02-25, 20:59:57 UTC] {local_task_job.py:264} INFO - 1 downstream tasks scheduled from follow-on schedule check

